$ vite build
vite v7.3.6 building client environment for production...
transforming...
[plugin vite:resolve] Module "node:fs/promises" has been externalized for browser compatibility, imported by "/home/team/shared/site/src/routes/contact.tsx?tsr-split=component". See https://vite.dev/guide/troubleshooting.html#module-externalized-for-browser-compatibility for more details.
✓ 226 modules transformed.
rendering chunks...
computing gzip size...
dist/client/assets/app-2rfgWEpD.css                      42.20 kB │ gzip:   8.03 kB
dist/client/assets/__vite-browser-external-BIHI7g3E.js    0.03 kB │ gzip:   0.05 kB
dist/client/assets/marketing-yf3siOvW.js                  1.42 kB │ gzip:   0.79 kB
dist/client/assets/retail-BOd0qTJA.js                     1.45 kB │ gzip:   0.83 kB
dist/client/assets/technology-DMMVL7jr.js                 1.45 kB │ gzip:   0.83 kB
dist/client/assets/nonprofits-D3udq2RI.js                 1.46 kB │ gzip:   0.82 kB
dist/client/assets/ecommerce-BBCb289N.js                  1.47 kB │ gzip:   0.84 kB
dist/client/assets/restaurants-Dgb6PRB6.js                1.47 kB │ gzip:   0.82 kB
dist/client/assets/education-DV7UJKrN.js                  1.47 kB │ gzip:   0.83 kB
dist/client/assets/automotive-ArpuUQxV.js                 1.48 kB │ gzip:   0.81 kB
dist/client/assets/accounting-g8TEIMsA.js                 1.48 kB │ gzip:   0.82 kB
dist/client/assets/real-estate-DYfHgBZH.js                1.49 kB │ gzip:   0.84 kB
dist/client/assets/government-CiE6cbty.js                 1.49 kB │ gzip:   0.83 kB
dist/client/assets/hospitality-DBYwp1BF.js                1.50 kB │ gzip:   0.83 kB
dist/client/assets/logistics-DWRhSswX.js                  1.50 kB │ gzip:   0.84 kB
dist/client/assets/agriculture-CUUaFRiS.js                1.51 kB │ gzip:   0.86 kB
dist/client/assets/telecommunications-DzXzsLC4.js         1.55 kB │ gzip:   0.85 kB
dist/client/assets/healthcare-i1_cmyTr.js                 1.61 kB │ gzip:   0.92 kB
dist/client/assets/saas-CLZzljQ-.js                       1.66 kB │ gzip:   0.94 kB
dist/client/assets/human-resources-B3OqENdV.js            1.67 kB │ gzip:   0.95 kB
dist/client/assets/agency-DHbZqupv.js                     1.69 kB │ gzip:   0.95 kB
dist/client/assets/financial-services-DRXgGnsM.js         1.74 kB │ gzip:   0.94 kB
dist/client/assets/finance-D3VJV-ty.js                    1.86 kB │ gzip:   0.98 kB
dist/client/assets/construction-dVGt-uR6.js               1.86 kB │ gzip:   1.01 kB
dist/client/assets/insurance-CwjKoWAF.js                  1.88 kB │ gzip:   0.99 kB
dist/client/assets/legal-Bvvczgfc.js                      1.88 kB │ gzip:   1.03 kB
dist/client/assets/portal.index-DdDjAem_.js               2.42 kB │ gzip:   0.98 kB
dist/client/assets/login-DQxDqMkz.js                      2.56 kB │ gzip:   1.00 kB
dist/client/assets/register-DD8mXeV9.js                   2.57 kB │ gzip:   1.00 kB
dist/client/assets/portal._auditId-gnzSArfe.js            3.22 kB │ gzip:   1.24 kB
dist/client/assets/IndustryLanding-DB2bBOkO.js            7.80 kB │ gzip:   1.95 kB
dist/client/assets/contact-BxRt1Tn5.js                   11.10 kB │ gzip:   3.43 kB
dist/client/assets/manufacturing-Cn4O-7tq.js             12.04 kB │ gzip:   3.18 kB
dist/client/assets/energy-sqsfF4n1.js                    12.14 kB │ gzip:   3.27 kB
dist/client/assets/index-Bx-sDdul.js                     13.51 kB │ gzip:   3.87 kB
dist/client/assets/audit-sNeg6qGV.js                     24.23 kB │ gzip:   8.11 kB
dist/client/assets/index-C1moOIJJ.js                    334.79 kB │ gzip: 107.02 kB
✓ built in 2.68s
vite v7.3.6 building ssr environment for production...
transforming...
"createRequestHandler", "defineHandlerCallback", "transformPipeableStreamWithRouter" and "transformReadableStreamWithRouter" are imported from external module "@tanstack/router-core/ssr/server" but never used in "node_modules/@tanstack/start-server-core/dist/esm/index.js".
"RawStream" is imported from external module "@tanstack/router-core" but never used in "node_modules/@tanstack/start-client-core/dist/esm/index.js".
"hydrate" and "json" are imported from external module "@tanstack/router-core/ssr/client" but never used in "node_modules/@tanstack/start-client-core/dist/esm/index.js".
✓ 128 modules transformed.
rendering chunks...
dist/server/assets/start-HYkvq4Ni.js                        0.06 kB
dist/server/assets/empty-plugin-adapters-BFgPZ6_d.js        0.13 kB
dist/server/assets/createServerRpc-D_-6bKnO.js              0.30 kB
dist/server/assets/index-DZhSeEcV.js                        1.23 kB
dist/server/assets/queries-DiJ1_1oI.js                      1.37 kB
dist/server/assets/marketing-CSp8tIfq.js                    1.65 kB
dist/server/assets/retail-D6Ba4DU5.js                       1.67 kB
dist/server/assets/technology-C_nHaNRD.js                   1.68 kB
dist/server/assets/nonprofits-CU2CxGZY.js                   1.69 kB
dist/server/assets/ecommerce-BZ4wi77B.js                    1.70 kB
dist/server/assets/education-Bp0yuD23.js                    1.70 kB
dist/server/assets/restaurants-CcIaZ634.js                  1.70 kB
dist/server/assets/automotive-xrYxdWdt.js                   1.71 kB
dist/server/assets/accounting-DevNngdM.js                   1.71 kB
dist/server/assets/real-estate-Dnq4Wjnd.js                  1.72 kB
dist/server/assets/government-XJwl4xZp.js                   1.72 kB
dist/server/assets/logistics-WcAk5q51.js                    1.73 kB
dist/server/assets/hospitality-DvCWh4Zj.js                  1.73 kB
dist/server/assets/agriculture-d9PfkWP_.js                  1.74 kB
dist/server/assets/telecommunications-BE30JE5F.js           1.79 kB
dist/server/assets/healthcare-DCLiwdQc.js                   1.86 kB
dist/server/assets/saas-B7W9144Q.js                         1.90 kB
dist/server/assets/agency-2yAdiisI.js                       1.93 kB
dist/server/assets/human-resources-C8PjiEKh.js              1.93 kB
dist/server/assets/financial-services-DKH2f94d.js           2.00 kB
dist/server/assets/finance-Dg2n3fVk.js                      2.12 kB
dist/server/assets/construction-ak3yHyMV.js                 2.13 kB
dist/server/assets/legal-DlsFHzfo.js                        2.14 kB
dist/server/assets/insurance-BERvjd1q.js                    2.14 kB
dist/server/assets/portal.index-C4fwswEr.js                 3.87 kB
dist/server/assets/login-BC1tQeem.js                        3.95 kB
dist/server/assets/register-DfD-QWhN.js                     3.98 kB
dist/server/assets/portal._auditId-CvdYLtB9.js              4.85 kB
dist/server/assets/queries-BvvsSdqr.js                      7.01 kB
dist/server/assets/_tanstack-start-manifest_v-Cn73AKLL.js   7.26 kB
dist/server/assets/IndustryLanding-BgbzB7Ep.js             11.02 kB
dist/server/assets/router-Y4D72gil.js                      15.47 kB
dist/server/assets/contact-C1DK5dye.js                     16.00 kB
dist/server/assets/energy-_nQ0OlcC.js                      17.66 kB
dist/server/assets/manufacturing-DKuDSnjB.js               17.74 kB
dist/server/assets/index-DkGStJ5z.js                       17.84 kB
dist/server/assets/audit-BAM90AM2.js                       29.26 kB
dist/server/server.js                                      66.36 kB
✓ built in 1.11s
