nohup: ignoring input
10 |       if (isServerConfig(entryNamespace?.defaError in renderToReadableStream: error: ENOENT reading "/home/team/shared/site/dist/server/assets/audit-CxdndwPB.js" {
  componentStack: [Getter],
}
Error in renderToReadableStream: error: ENOENT reading "/home/team/shared/site/dist/server/assets/audit-CxdndwPB.js" {
  componentStack: [Getter],
}
Error in renderToReadableStream: error: ENOENT reading "/home/team/shared/site/dist/server/assets/industries.-Cz6r7NMe.js" {
  componentStack: [Getter],
}
Error in renderToReadableStream: error: ENOENT reading "/home/team/shared/site/dist/server/assets/industries.-Cz6r7NMe.js" {
  componentStack: [Getter],
}
Each child in a list should have a unique "key" prop.

Check the render method of `IntegrationExplorerPage`. See https://react.dev/link/warning-keys for more information.
Each child in a list should have a unique "key" prop.

Check the render method of `IntegrationExplorerPage`. See https://react.dev/link/warning-keys for more information.
Error in renderToReadableStream: error: ENOENT reading "/home/team/shared/site/dist/server/assets/audit-CxdndwPB.js" {
  componentStack: [Getter],
}
Error in renderToReadableStream: error: ENOENT reading "/home/team/shared/site/dist/server/assets/audit-CxdndwPB.js" {
  componentStack: [Getter],
}
Error in renderToReadableStream: error: ENOENT reading "/home/team/shared/site/dist/server/assets/audit-CxdndwPB.js" {
  componentStack: [Getter],
}
Error in renderToReadableStream: error: ENOENT reading "/home/team/shared/site/dist/server/assets/integrations._integrationId-BtJeMTWt.js" {
  componentStack: [Getter],
}
Error in renderToReadableStream: error: ENOENT reading "/home/team/shared/site/dist/server/assets/integrations._integrationId-BtJeMTWt.js" {
  componentStack: [Getter],
}
Error in renderToReadableStream: error: ENOENT reading "/home/team/shared/site/dist/server/assets/workflows._workflowId-DZnBIp2V.js" {
  componentStack: [Getter],
}
Error in renderToReadableStream: error: ENOENT reading "/home/team/shared/site/dist/server/assets/workflows._workflowId-DZnBIp2V.js" {
  componentStack: [Getter],
}
Error in renderToReadableStream: error: ENOENT reading "/home/team/shared/site/dist/server/assets/case-studies._caseStudyId-CSuguqwT.js" {
  componentStack: [Getter],
}
Error in renderToReadableStream: error: ENOENT reading "/home/team/shared/site/dist/server/assets/case-studies._caseStudyId-CSuguqwT.js" {
  componentStack: [Getter],
}
Error in renderToReadableStream: error: ENOENT reading "/home/team/shared/site/dist/server/assets/audit-CxdndwPB.js" {
  componentStack: [Getter],
}
Error in renderToReadableStream: error: ENOENT reading "/home/team/shared/site/dist/server/assets/integrations._integrationId-BtJeMTWt.js" {
  componentStack: [Getter],
}
Error in renderToReadableStream: error: ENOENT reading "/home/team/shared/site/dist/server/assets/case-studies._caseStudyId-CSuguqwT.js" {
  componentStack: [Getter],
}
